<?xml version="1.0" encoding="UTF-8"?>
<!-- Generated by org.testng.reporters.JUnitXMLReporter -->
<testsuite ignored="0" hostname="LAPTOP-IKPTJ2BH" failures="0" tests="4" name="Framework_Development" time="8.083" errors="0" timestamp="2024-03-29T21:16:15 IST">
  <testcase classname="testcases.LoginTest" name="@BeforeMethod preRequisite" time="7.947">
    <failure type="org.openqa.selenium.SessionNotCreatedException" message="Could not start a new session. Response code 500. Message: session not created: This version of ChromeDriver only supports Chrome version 121
Current browser version is 123.0.6312.86 with binary path C:\Program Files\Google\Chrome\Application\chrome.exe 
Host info: host: &amp;apos;LAPTOP-IKPTJ2BH&amp;apos;, ip: &amp;apos;192.168.94.151&amp;apos;
Build info: version: &amp;apos;4.18.1&amp;apos;, revision: &amp;apos;b1d3319b48&amp;apos;
System info: os.name: &amp;apos;Windows 11&amp;apos;, os.arch: &amp;apos;amd64&amp;apos;, os.version: &amp;apos;10.0&amp;apos;, java.version: &amp;apos;11.0.20&amp;apos;
Driver info: org.openqa.selenium.chrome.ChromeDriver
Command: [null, newSession {capabilities=[Capabilities {browserName: chrome, goog:chromeOptions: {args: [], extensions: []}}]}]">
      <![CDATA[org.openqa.selenium.SessionNotCreatedException: Could not start a new session. Response code 500. Message: session not created: This version of ChromeDriver only supports Chrome version 121
Current browser version is 123.0.6312.86 with binary path C:\Program Files\Google\Chrome\Application\chrome.exe 
Host info: host: 'LAPTOP-IKPTJ2BH', ip: '192.168.94.151'
Build info: version: '4.18.1', revision: 'b1d3319b48'
System info: os.name: 'Windows 11', os.arch: 'amd64', os.version: '10.0', java.version: '11.0.20'
Driver info: org.openqa.selenium.chrome.ChromeDriver
Command: [null, newSession {capabilities=[Capabilities {browserName: chrome, goog:chromeOptions: {args: [], extensions: []}}]}]
at org.openqa.selenium.remote.ProtocolHandshake.createSession(ProtocolHandshake.java:139)
at org.openqa.selenium.remote.ProtocolHandshake.createSession(ProtocolHandshake.java:95)
at org.openqa.selenium.remote.ProtocolHandshake.createSession(ProtocolHandshake.java:67)
at org.openqa.selenium.remote.HttpCommandExecutor.execute(HttpCommandExecutor.java:162)
at org.openqa.selenium.remote.service.DriverCommandExecutor.invokeExecute(DriverCommandExecutor.java:216)
at org.openqa.selenium.remote.service.DriverCommandExecutor.execute(DriverCommandExecutor.java:174)
at org.openqa.selenium.remote.RemoteWebDriver.execute(RemoteWebDriver.java:519)
at org.openqa.selenium.remote.RemoteWebDriver.startSession(RemoteWebDriver.java:233)
at org.openqa.selenium.remote.RemoteWebDriver.<init>(RemoteWebDriver.java:162)
at org.openqa.selenium.chromium.ChromiumDriver.<init>(ChromiumDriver.java:114)
at org.openqa.selenium.chrome.ChromeDriver.<init>(ChromeDriver.java:89)
at org.openqa.selenium.chrome.ChromeDriver.<init>(ChromeDriver.java:84)
at org.openqa.selenium.chrome.ChromeDriver.<init>(ChromeDriver.java:52)
at testbases.WebTestBase.initialization(WebTestBase.java:34)
at testcases.LoginTest.preRequisite(LoginTest.java:23)
at java.base/java.util.ArrayList.forEach(ArrayList.java:1541)
at com.intellij.rt.testng.IDEARemoteTestNG.run(IDEARemoteTestNG.java:65)
at com.intellij.rt.testng.RemoteTestNGStarter.main(RemoteTestNGStarter.java:105)
... Removed 28 stack frames]]>
    </failure>
  </testcase> <!-- @BeforeMethod preRequisite -->
  <testcase classname="testcases.LoginTest" name="@AfterMethod tearDown" time="0.0">
    <skipped/>
  </testcase> <!-- @AfterMethod tearDown -->
  <testcase classname="testcases.LoginTest" name="@BeforeMethod preRequisite" time="0.0">
    <skipped/>
  </testcase> <!-- @BeforeMethod preRequisite -->
  <testcase classname="testcases.LoginTest" name="@AfterMethod tearDown" time="0.0">
    <skipped/>
  </testcase> <!-- @AfterMethod tearDown -->
  <testcase classname="testcases.LoginTest" name="@BeforeMethod preRequisite" time="0.0">
    <skipped/>
  </testcase> <!-- @BeforeMethod preRequisite -->
  <testcase classname="testcases.LoginTest" name="@AfterMethod tearDown" time="0.0">
    <skipped/>
  </testcase> <!-- @AfterMethod tearDown -->
  <testcase classname="testcases.LoginTest" name="@BeforeMethod preRequisite" time="0.0">
    <skipped/>
  </testcase> <!-- @BeforeMethod preRequisite -->
  <testcase classname="testcases.LoginTest" name="@AfterMethod tearDown" time="0.0">
    <skipped/>
  </testcase> <!-- @AfterMethod tearDown -->
  <testcase classname="testcases.LoginTest" name="verifyLoginWithInValidUserNameAndInValidPassword" time="0.0">
    <skipped/>
  </testcase> <!-- verifyLoginWithInValidUserNameAndInValidPassword -->
  <testcase classname="testcases.LoginTest" name="verifyLoginWithInValidUserNameAndValidPassword" time="0.0">
    <skipped/>
  </testcase> <!-- verifyLoginWithInValidUserNameAndValidPassword -->
  <testcase classname="testcases.LoginTest" name="verifyLoginWithValidUserNameAndInValidPassword" time="0.0">
    <skipped/>
  </testcase> <!-- verifyLoginWithValidUserNameAndInValidPassword -->
  <testcase classname="testcases.LoginTest" name="verifyLoginWithValidUserNameAndValidPassword" time="0.0">
    <skipped/>
  </testcase> <!-- verifyLoginWithValidUserNameAndValidPassword -->
</testsuite> <!-- Framework_Development -->
